<?xml version="1.0" encoding="UTF-8"?>
<!-- Generated by org.testng.reporters.JUnitReportReporter -->
<testsuite skipped="0" hostname="XB-201812251449" name="GuangGao.AccountOpenApiTest" tests="1" failures="0" timestamp="24 五月 2020 07:32:45 GMT" time="4.159" errors="0">
  <testcase name="createAccount2" time="4.159" classname="GuangGao.AccountOpenApiTest"/>
</testsuite> <!-- GuangGao.AccountOpenApiTest -->
