<?xml version="1.0" encoding="UTF-8"?>
<!-- Generated by org.testng.reporters.JUnitReportReporter -->
<testsuite skipped="0" hostname="XB-201812251449" name="GuangGao.AdPosOpenApiTest" tests="1" failures="0" timestamp="25 五月 2020 01:30:06 GMT" time="1.426" errors="0">
  <testcase name="update" time="1.426" classname="GuangGao.AdPosOpenApiTest"/>
</testsuite> <!-- GuangGao.AdPosOpenApiTest -->
