<?xml version="1.0" encoding="UTF-8"?>
<!-- Generated by org.testng.reporters.JUnitReportReporter -->
<testsuite skipped="0" hostname="XB-201812251449" name="GuangGao.AdOpenApiTestPuguang" tests="2" failures="0" timestamp="25 五月 2020 06:40:10 GMT" time="2.169" errors="0">
  <testcase name="getadvert2" time="1.588" classname="GuangGao.AdOpenApiTestPuguang"/>
  <testcase name="getadvert3" time="0.581" classname="GuangGao.AdOpenApiTestPuguang"/>
</testsuite> <!-- GuangGao.AdOpenApiTestPuguang -->
