<?xml version="1.0" encoding="UTF-8"?>
<!-- Generated by org.testng.reporters.JUnitReportReporter -->
<testsuite skipped="0" hostname="XB-201812251449" name="GuangGao.AdOpenApiTestBajixiang" tests="1" failures="0" timestamp="06 五月 2020 05:52:41 GMT" time="1.705" errors="0">
  <testcase name="getadvert2" time="1.705" classname="GuangGao.AdOpenApiTestBajixiang"/>
</testsuite> <!-- GuangGao.AdOpenApiTestBajixiang -->
