<?xml version="1.0" encoding="UTF-8"?>
<!-- Generated by org.testng.reporters.JUnitReportReporter -->
<testsuite skipped="0" hostname="XB-201812251449" name="com.qb.ad.impl.CreateKey" tests="1" failures="0" timestamp="24 五月 2020 07:24:27 GMT" time="0.310" errors="0">
  <testcase name="createKey" time="0.310" classname="com.qb.ad.impl.CreateKey"/>
</testsuite> <!-- com.qb.ad.impl.CreateKey -->
