<?xml version="1.0" encoding="UTF-8"?>
<!-- Generated by org.testng.reporters.JUnitReportReporter -->
<testsuite skipped="0" hostname="XB-201812251449" name="GuangGao.ParkOpenApiTest" tests="1" failures="0" timestamp="24 五月 2020 07:38:21 GMT" time="1.418" errors="0">
  <testcase name="create" time="1.418" classname="GuangGao.ParkOpenApiTest"/>
</testsuite> <!-- GuangGao.ParkOpenApiTest -->
