<?xml version="1.0" encoding="UTF-8"?>
<!-- Generated by org.testng.reporters.JUnitReportReporter -->
<testsuite skipped="0" hostname="XB-201812251449" name="GuangGao.AdOpenApiTestHuiGui" tests="1" failures="0" timestamp="15 四月 2020 10:26:56 GMT" time="2.121" errors="0">
  <testcase name="getadvert3" time="2.121" classname="GuangGao.AdOpenApiTestHuiGui"/>
</testsuite> <!-- GuangGao.AdOpenApiTestHuiGui -->
